<?xml version="1.0" encoding="UTF-8"?>
<!-- Generated by org.testng.reporters.JUnitReportReporter -->
<testsuite hostname="Munmun" failures="0" tests="1" name="MakeMyTrip.MakeMyTrip.BaseClass" time="1.278" errors="0" timestamp="2025-05-23T14:14:46 IST" skipped="0">
  <testcase classname="MakeMyTrip.MakeMyTrip.BaseClass" name="test" time="1.278"/>
</testsuite> <!-- MakeMyTrip.MakeMyTrip.BaseClass -->
